<?xml version="1.0" encoding="UTF-8"?>
<!-- Generated by org.testng.reporters.JUnitXMLReporter -->
<testsuite hostname="KONARK-PC" ignored="0" name="Test" tests="5" failures="0" timestamp="24 Jul 2018 10:31:35 GMT" time="2.079" errors="0">
  <testcase name="methodOne" time="0.03" classname="com.scp.TestingCase.TESTNG_DEMO.DemoTest"/>
  <testcase name="methodOne" time="0.006" classname="com.scp.TestingCase.TESTNG_DEMO.DemoTest"/>
  <testcase name="methodOne" time="0.005" classname="com.scp.TestingCase.TESTNG_DEMO.DemoTest"/>
  <testcase name="methodThree" time="0.005" classname="com.scp.TestingCase.TESTNG_DEMO.DemoTest"/>
  <testcase name="methodTwo" time="0.004" classname="com.scp.TestingCase.TESTNG_DEMO.DemoTest"/>
</testsuite> <!-- Test -->
