<?xml version="1.0" encoding="UTF-8"?>
<!-- Generated by org.testng.reporters.JUnitXMLReporter -->
<testsuite hostname="KONARK-PC" ignored="0" name="Default test" tests="5" failures="0" timestamp="24 Jul 2018 10:25:31 GMT" time="2.108" errors="0">
  <testcase name="methodOne" time="0.031" classname="com.scp.TestingCase.TESTNG_DEMO.DemoTest"/>
  <testcase name="methodOne" time="0.01" classname="com.scp.TestingCase.TESTNG_DEMO.DemoTest"/>
  <testcase name="methodOne" time="0.004" classname="com.scp.TestingCase.TESTNG_DEMO.DemoTest"/>
  <testcase name="methodThree" time="0.016" classname="com.scp.TestingCase.TESTNG_DEMO.DemoTest"/>
  <testcase name="methodTwo" time="0.004" classname="com.scp.TestingCase.TESTNG_DEMO.DemoTest"/>
</testsuite> <!-- Default test -->
